TN:
SF:src/app.ts
FN:6,(anonymous_1)
FN:13,(anonymous_2)
FNF:2
FNH:0
FNDA:0,(anonymous_1)
FNDA:0,(anonymous_2)
DA:1,0
DA:2,0
DA:3,0
DA:4,0
DA:7,0
DA:8,0
DA:9,0
DA:10,0
DA:11,0
DA:14,0
DA:17,0
DA:18,0
LF:12
LH:0
BRF:0
BRH:0
end_of_record
TN:
SF:src/config.ts
FN:21,(anonymous_1)
FN:34,(anonymous_2)
FN:37,(anonymous_3)
FNF:3
FNH:2
FNDA:5,(anonymous_1)
FNDA:3,(anonymous_2)
FNDA:0,(anonymous_3)
DA:1,5
DA:2,5
DA:4,5
DA:19,5
DA:22,5
DA:23,5
DA:24,5
DA:25,5
DA:26,5
DA:27,5
DA:28,5
DA:29,5
DA:30,5
DA:31,5
DA:32,5
DA:35,3
DA:38,0
DA:39,0
DA:40,0
DA:46,5
LF:20
LH:17
BRDA:22,0,0,5
BRDA:22,0,1,0
BRDA:23,1,0,5
BRDA:23,1,1,0
BRDA:24,2,0,5
BRDA:24,2,1,0
BRDA:25,3,0,5
BRDA:25,3,1,0
BRDA:26,4,0,5
BRDA:26,4,1,0
BRDA:27,5,0,5
BRDA:27,5,1,0
BRDA:28,6,0,5
BRDA:28,6,1,0
BRDA:29,7,0,5
BRDA:29,7,1,0
BRDA:30,8,0,5
BRDA:30,8,1,0
BRDA:31,9,0,5
BRDA:31,9,1,5
BRDA:32,10,0,5
BRDA:32,10,1,5
BRDA:39,11,0,0
BRF:23
BRH:13
end_of_record
TN:
SF:src/routes.ts
FN:8,(anonymous_0)
FN:9,(anonymous_1)
FNF:2
FNH:0
FNDA:0,(anonymous_0)
FNDA:0,(anonymous_1)
DA:2,0
DA:3,0
DA:4,0
DA:8,0
DA:9,0
DA:10,0
DA:11,0
DA:12,0
DA:13,0
DA:16,0
LF:10
LH:0
BRF:0
BRH:0
end_of_record
TN:
SF:src/setupDatabase.ts
FN:7,(anonymous_1)
FN:8,(anonymous_2)
FN:11,(anonymous_3)
FN:15,(anonymous_4)
FNF:4
FNH:0
FNDA:0,(anonymous_1)
FNDA:0,(anonymous_2)
FNDA:0,(anonymous_3)
FNDA:0,(anonymous_4)
DA:1,0
DA:2,0
DA:4,0
DA:5,0
DA:7,0
DA:8,0
DA:9,0
DA:12,0
DA:13,0
DA:16,0
DA:17,0
DA:20,0
DA:22,0
LF:13
LH:0
BRF:0
BRH:0
end_of_record
TN:
SF:src/setupServer.ts
FN:22,(anonymous_8)
FN:25,(anonymous_9)
FN:32,(anonymous_10)
FN:53,(anonymous_11)
FN:58,(anonymous_12)
FN:61,(anonymous_13)
FN:62,(anonymous_14)
FN:72,(anonymous_16)
FN:73,(anonymous_17)
FN:77,(anonymous_18)
FN:85,(anonymous_19)
FN:98,(anonymous_21)
FN:100,(anonymous_22)
FN:104,(anonymous_23)
FNF:14
FNH:0
FNDA:0,(anonymous_8)
FNDA:0,(anonymous_9)
FNDA:0,(anonymous_10)
FNDA:0,(anonymous_11)
FNDA:0,(anonymous_12)
FNDA:0,(anonymous_13)
FNDA:0,(anonymous_14)
FNDA:0,(anonymous_16)
FNDA:0,(anonymous_17)
FNDA:0,(anonymous_18)
FNDA:0,(anonymous_19)
FNDA:0,(anonymous_21)
FNDA:0,(anonymous_22)
FNDA:0,(anonymous_23)
DA:1,0
DA:3,0
DA:4,0
DA:5,0
DA:6,0
DA:7,0
DA:8,0
DA:9,0
DA:10,0
DA:11,0
DA:12,0
DA:14,0
DA:15,0
DA:16,0
DA:17,0
DA:18,0
DA:19,0
DA:20,0
DA:23,0
DA:26,0
DA:27,0
DA:28,0
DA:29,0
DA:30,0
DA:33,0
DA:34,0
DA:42,0
DA:43,0
DA:44,0
DA:54,0
DA:55,0
DA:56,0
DA:59,0
DA:63,0
DA:64,0
DA:65,0
DA:66,0
DA:67,0
DA:69,0
DA:73,0
DA:74,0
DA:77,0
DA:78,0
DA:79,0
DA:80,0
DA:82,0
DA:86,0
DA:92,0
DA:93,0
DA:94,0
DA:95,0
DA:96,0
DA:99,0
DA:100,0
DA:101,0
LF:55
LH:0
BRDA:79,0,0,0
BRF:1
BRH:0
end_of_record
TN:
SF:src/features/auth/controllers/current-user.ts
FN:10,(anonymous_8)
FNF:1
FNH:0
FNDA:0,(anonymous_8)
DA:3,0
DA:4,0
DA:5,0
DA:7,0
DA:9,0
DA:11,0
DA:12,0
DA:13,0
DA:14,0
DA:15,0
DA:16,0
DA:17,0
DA:18,0
DA:19,0
DA:21,0
LF:15
LH:0
BRDA:15,0,0,0
BRDA:15,0,1,0
BRDA:16,1,0,0
BRDA:18,2,0,0
BRDA:18,2,1,0
BRDA:18,3,0,0
BRDA:18,3,1,0
BRF:7
BRH:0
end_of_record
TN:
SF:src/features/auth/controllers/password.ts
FN:19,(anonymous_10)
FN:34,(anonymous_12)
FNF:2
FNH:0
FNDA:0,(anonymous_10)
FNDA:0,(anonymous_12)
DA:2,0
DA:3,0
DA:4,0
DA:5,0
DA:6,0
DA:8,0
DA:9,0
DA:11,0
DA:12,0
DA:13,0
DA:14,0
DA:15,0
DA:17,0
DA:19,0
DA:20,0
DA:21,0
DA:22,0
DA:23,0
DA:25,0
DA:26,0
DA:27,0
DA:28,0
DA:29,0
DA:30,0
DA:31,0
DA:34,0
DA:35,0
DA:36,0
DA:37,0
DA:38,0
DA:40,0
DA:41,0
DA:42,0
DA:44,0
DA:45,0
DA:46,0
DA:47,0
DA:48,0
DA:54,0
DA:55,0
DA:56,0
LF:41
LH:0
BRDA:22,0,0,0
BRDA:37,1,0,0
BRDA:41,2,0,0
BRF:3
BRH:0
end_of_record
TN:
SF:src/features/auth/controllers/signin.ts
FN:21,(anonymous_10)
FNF:1
FNH:0
FNDA:0,(anonymous_10)
DA:1,0
DA:3,0
DA:4,0
DA:6,0
DA:7,0
DA:8,0
DA:11,0
DA:12,0
DA:13,0
DA:14,0
DA:15,0
DA:16,0
DA:19,0
DA:21,0
DA:22,0
DA:23,0
DA:24,0
DA:25,0
DA:28,0
DA:29,0
DA:30,0
DA:32,0
DA:33,0
DA:43,0
DA:50,0
DA:51,0
DA:52,0
DA:53,0
DA:54,0
LF:29
LH:0
BRDA:24,0,0,0
BRDA:29,1,0,0
BRF:2
BRH:0
end_of_record
TN:
SF:src/features/auth/controllers/signout.ts
FN:5,(anonymous_8)
FNF:1
FNH:0
FNDA:0,(anonymous_8)
DA:1,0
DA:4,0
DA:6,0
DA:7,0
LF:4
LH:0
BRF:0
BRH:0
end_of_record
TN:
SF:src/features/auth/controllers/signup.ts
FN:20,(anonymous_10)
FN:49,(anonymous_12)
FN:61,(anonymous_13)
FN:73,(anonymous_14)
FNF:4
FNH:1
FNDA:1,(anonymous_10)
FNDA:0,(anonymous_12)
FNDA:0,(anonymous_13)
FNDA:0,(anonymous_14)
DA:1,1
DA:3,1
DA:5,1
DA:6,1
DA:7,1
DA:8,1
DA:9,1
DA:10,1
DA:11,1
DA:12,1
DA:13,1
DA:14,1
DA:15,1
DA:17,1
DA:18,1
DA:20,1
DA:21,1
DA:22,1
DA:23,1
DA:24,1
DA:26,0
DA:27,0
DA:29,0
DA:30,0
DA:31,0
DA:32,0
DA:40,0
DA:41,0
DA:42,0
DA:43,0
DA:44,0
DA:45,0
DA:46,0
DA:47,0
DA:50,0
DA:62,0
DA:63,0
DA:74,0
DA:75,0
LF:39
LH:20
BRDA:26,0,0,0
BRF:1
BRH:0
end_of_record
TN:
SF:src/features/auth/models/auth.schema.ts
FN:20,(anonymous_7)
FN:28,(anonymous_8)
FN:34,(anonymous_10)
FN:39,(anonymous_12)
FNF:4
FNH:0
FNDA:0,(anonymous_7)
FNDA:0,(anonymous_8)
FNDA:0,(anonymous_10)
FNDA:0,(anonymous_12)
DA:1,3
DA:3,3
DA:5,3
DA:7,3
DA:21,0
DA:22,0
DA:28,3
DA:29,0
DA:30,0
DA:31,0
DA:34,3
DA:35,0
DA:36,0
DA:39,3
DA:40,0
DA:43,3
DA:44,3
LF:17
LH:9
BRF:0
BRH:0
end_of_record
TN:
SF:src/features/auth/routes/authRoutes.ts
FN:11,(anonymous_1)
FN:14,(anonymous_2)
FN:22,(anonymous_3)
FNF:3
FNH:0
FNDA:0,(anonymous_1)
FNDA:0,(anonymous_2)
FNDA:0,(anonymous_3)
DA:2,0
DA:3,0
DA:4,0
DA:5,0
DA:6,0
DA:12,0
DA:15,0
DA:16,0
DA:17,0
DA:18,0
DA:20,0
DA:23,0
DA:25,0
DA:29,0
LF:14
LH:0
BRF:0
BRH:0
end_of_record
TN:
SF:src/features/auth/routes/currentRoutes.ts
FN:9,(anonymous_1)
FN:13,(anonymous_2)
FNF:2
FNH:0
FNDA:0,(anonymous_1)
FNDA:0,(anonymous_2)
DA:2,0
DA:3,0
DA:4,0
DA:10,0
DA:14,0
DA:16,0
DA:20,0
LF:7
LH:0
BRF:0
BRH:0
end_of_record
TN:
SF:src/features/auth/schemes/password.ts
FNF:0
FNH:0
DA:1,0
DA:3,0
DA:11,0
DA:24,0
LF:4
LH:0
BRF:0
BRH:0
end_of_record
TN:
SF:src/features/auth/schemes/signin.ts
FNF:0
FNH:0
DA:1,0
DA:3,0
DA:18,0
LF:3
LH:0
BRF:0
BRH:0
end_of_record
TN:
SF:src/features/auth/schemes/signup.ts
FNF:0
FNH:0
DA:1,1
DA:3,1
DA:29,1
LF:3
LH:3
BRF:0
BRH:0
end_of_record
TN:
SF:src/features/user/models/user.schema.ts
FNF:0
FNH:0
DA:2,1
DA:4,1
DA:34,1
DA:35,1
LF:4
LH:4
BRF:0
BRH:0
end_of_record
TN:
SF:src/mock/auth.mock.ts
FN:5,(anonymous_0)
FN:11,(anonymous_1)
FN:46,(anonymous_2)
FN:47,(anonymous_3)
FNF:4
FNH:2
FNDA:1,(anonymous_0)
FNDA:1,(anonymous_1)
FNDA:0,(anonymous_2)
FNDA:0,(anonymous_3)
DA:5,1
DA:11,1
DA:12,1
DA:13,1
DA:14,1
DA:15,1
DA:30,1
DA:39,1
DA:47,0
LF:9
LH:8
BRF:0
BRH:0
end_of_record
TN:
SF:src/shared/globals/decorators/job-validation.decorators.ts
FN:8,joiValidation
FN:9,(anonymous_8)
FN:12,(anonymous_9)
FNF:3
FNH:3
FNDA:1,joiValidation
FNDA:1,(anonymous_8)
FNDA:1,(anonymous_9)
DA:2,1
DA:8,1
DA:9,1
DA:10,1
DA:12,1
DA:13,1
DA:14,1
DA:15,1
DA:16,0
DA:18,1
DA:20,1
LF:11
LH:10
BRDA:15,0,0,0
BRDA:15,1,0,1
BRDA:15,1,1,0
BRDA:15,2,0,1
BRDA:15,2,1,1
BRF:5
BRH:3
end_of_record
TN:
SF:src/shared/globals/helpers/auth-middleware.ts
FN:9,(anonymous_1)
FN:23,(anonymous_2)
FNF:2
FNH:0
FNDA:0,(anonymous_1)
FNDA:0,(anonymous_2)
DA:2,0
DA:3,0
DA:4,0
DA:8,0
DA:10,0
DA:11,0
DA:14,0
DA:15,0
DA:16,0
DA:18,0
DA:20,0
DA:24,0
DA:25,0
DA:27,0
DA:31,0
LF:15
LH:0
BRDA:10,0,0,0
BRDA:10,1,0,0
BRDA:10,1,1,0
BRDA:10,2,0,0
BRDA:10,2,1,0
BRDA:15,3,0,0
BRDA:15,3,1,0
BRDA:15,4,0,0
BRDA:15,4,1,0
BRDA:24,5,0,0
BRF:10
BRH:0
end_of_record
TN:
SF:src/shared/globals/helpers/error-handler.ts
FN:20,(anonymous_1)
FN:24,(anonymous_2)
FN:37,(anonymous_3)
FN:46,(anonymous_4)
FN:55,(anonymous_5)
FN:64,(anonymous_6)
FN:73,(anonymous_7)
FN:82,(anonymous_8)
FNF:8
FNH:0
FNDA:0,(anonymous_1)
FNDA:0,(anonymous_2)
FNDA:0,(anonymous_3)
FNDA:0,(anonymous_4)
FNDA:0,(anonymous_5)
FNDA:0,(anonymous_6)
FNDA:0,(anonymous_7)
FNDA:0,(anonymous_8)
DA:1,2
DA:16,2
DA:21,0
DA:25,0
DA:33,2
DA:34,0
DA:35,0
DA:38,0
DA:42,2
DA:43,0
DA:44,0
DA:47,0
DA:51,2
DA:52,0
DA:53,0
DA:56,0
DA:60,2
DA:61,0
DA:62,0
DA:65,0
DA:69,2
DA:70,0
DA:71,0
DA:74,0
DA:78,2
DA:79,0
DA:80,0
DA:83,0
LF:28
LH:8
BRF:0
BRH:0
end_of_record
TN:
SF:src/shared/globals/helpers/helpers.ts
FN:2,(anonymous_0)
FN:6,(anonymous_1)
FN:10,(anonymous_2)
FN:13,(anonymous_3)
FN:22,(anonymous_4)
FNF:5
FNH:3
FNDA:1,(anonymous_0)
FNDA:1,(anonymous_1)
FNDA:1,(anonymous_2)
FNDA:0,(anonymous_3)
FNDA:0,(anonymous_4)
DA:1,3
DA:3,1
DA:4,1
DA:6,1
DA:11,1
DA:14,0
DA:15,0
DA:16,0
DA:17,0
DA:18,0
DA:20,0
DA:23,0
DA:24,0
DA:26,0
DA:28,0
LF:15
LH:5
BRF:0
BRH:0
end_of_record
TN:
SF:src/shared/services/db/auth.service.ts
FN:7,(anonymous_7)
FN:10,(anonymous_9)
FN:20,(anonymous_11)
FN:27,(anonymous_13)
FN:31,(anonymous_15)
FN:35,(anonymous_17)
FNF:6
FNH:1
FNDA:0,(anonymous_7)
FNDA:0,(anonymous_9)
FNDA:1,(anonymous_11)
FNDA:0,(anonymous_13)
FNDA:0,(anonymous_15)
FNDA:0,(anonymous_17)
DA:2,2
DA:3,2
DA:8,0
DA:11,0
DA:21,1
DA:24,1
DA:25,0
DA:28,0
DA:29,0
DA:32,0
DA:33,0
DA:36,0
DA:40,0
DA:43,2
LF:14
LH:5
BRF:0
BRH:0
end_of_record
TN:
SF:src/shared/services/db/user.service.ts
FN:8,(anonymous_8)
FN:12,(anonymous_10)
FN:16,(anonymous_12)
FN:30,(anonymous_14)
FN:39,(anonymous_16)
FN:43,(anonymous_18)
FN:53,(anonymous_20)
FN:63,(anonymous_22)
FN:76,(anonymous_24)
FN:81,(anonymous_26)
FN:99,(anonymous_28)
FNF:11
FNH:0
FNDA:0,(anonymous_8)
FNDA:0,(anonymous_10)
FNDA:0,(anonymous_12)
FNDA:0,(anonymous_14)
FNDA:0,(anonymous_16)
FNDA:0,(anonymous_18)
FNDA:0,(anonymous_20)
FNDA:0,(anonymous_22)
FNDA:0,(anonymous_24)
FNDA:0,(anonymous_26)
FNDA:0,(anonymous_28)
DA:1,1
DA:3,1
DA:5,1
DA:9,0
DA:13,0
DA:17,0
DA:31,0
DA:40,0
DA:44,0
DA:50,0
DA:54,0
DA:60,0
DA:64,0
DA:73,0
DA:77,0
DA:78,0
DA:82,0
DA:96,0
DA:100,0
DA:125,1
LF:20
LH:4
BRF:0
BRH:0
end_of_record
TN:
SF:src/shared/services/emails/email.transport.ts
FN:18,(anonymous_8)
FN:25,(anonymous_10)
FN:51,(anonymous_12)
FNF:3
FNH:0
FNDA:0,(anonymous_8)
FNDA:0,(anonymous_10)
FNDA:0,(anonymous_12)
DA:2,0
DA:4,0
DA:5,0
DA:6,0
DA:15,0
DA:16,0
DA:19,0
DA:20,0
DA:22,0
DA:26,0
DA:36,0
DA:43,0
DA:44,0
DA:45,0
DA:47,0
DA:48,0
DA:52,0
DA:59,0
DA:60,0
DA:61,0
DA:63,0
DA:64,0
DA:68,0
LF:23
LH:0
BRDA:19,0,0,0
BRDA:19,0,1,0
BRDA:19,1,0,0
BRDA:19,1,1,0
BRF:4
BRH:0
end_of_record
TN:
SF:src/shared/services/emails/templates/forgot-password/forgot-password-template.ts
FN:5,(anonymous_1)
FNF:1
FNH:0
FNDA:0,(anonymous_1)
DA:1,0
DA:2,0
DA:6,0
DA:14,0
LF:4
LH:0
BRF:0
BRH:0
end_of_record
TN:
SF:src/shared/services/emails/templates/reset-password/reset-password-template.ts
FN:6,(anonymous_1)
FNF:1
FNH:0
FNDA:0,(anonymous_1)
DA:1,0
DA:2,0
DA:7,0
DA:8,0
DA:18,0
LF:5
LH:0
BRF:0
BRH:0
end_of_record
TN:
SF:src/shared/services/queues/auth.queue.ts
FN:7,(anonymous_0)
FN:11,(anonymous_1)
FNF:2
FNH:1
FNDA:1,(anonymous_0)
FNDA:0,(anonymous_1)
DA:2,1
DA:3,1
DA:8,1
DA:9,1
DA:12,0
DA:13,0
DA:16,1
LF:7
LH:5
BRF:0
BRH:0
end_of_record
TN:
SF:src/shared/services/queues/base.queue.ts
FN:16,(anonymous_1)
FN:27,(anonymous_2)
FN:30,(anonymous_3)
FN:33,(anonymous_4)
FN:37,(anonymous_5)
FN:40,(anonymous_6)
FNF:6
FNH:0
FNDA:0,(anonymous_1)
FNDA:0,(anonymous_2)
FNDA:0,(anonymous_3)
FNDA:0,(anonymous_4)
FNDA:0,(anonymous_5)
FNDA:0,(anonymous_6)
DA:1,1
DA:3,1
DA:6,1
DA:10,1
DA:13,1
DA:17,0
DA:18,0
DA:19,0
DA:20,0
DA:21,0
DA:22,0
DA:26,0
DA:27,0
DA:28,0
DA:30,0
DA:31,0
DA:33,0
DA:34,0
DA:38,0
DA:41,0
LF:20
LH:5
BRF:0
BRH:0
end_of_record
TN:
SF:src/shared/services/queues/email.queue.ts
FN:7,(anonymous_0)
FN:11,(anonymous_1)
FNF:2
FNH:0
FNDA:0,(anonymous_0)
FNDA:0,(anonymous_1)
DA:2,0
DA:3,0
DA:8,0
DA:9,0
DA:12,0
DA:15,0
LF:6
LH:0
BRF:0
BRH:0
end_of_record
TN:
SF:src/shared/services/queues/user.queue.ts
FN:5,(anonymous_0)
FN:9,(anonymous_1)
FNF:2
FNH:1
FNDA:1,(anonymous_0)
FNDA:0,(anonymous_1)
DA:1,1
DA:2,1
DA:6,1
DA:7,1
DA:10,0
DA:13,1
LF:6
LH:5
BRF:0
BRH:0
end_of_record
TN:
SF:src/shared/services/redis/base.redis.ts
FN:9,(anonymous_0)
FN:14,(anonymous_1)
FN:15,(anonymous_2)
FNF:3
FNH:0
FNDA:0,(anonymous_0)
FNDA:0,(anonymous_1)
FNDA:0,(anonymous_2)
DA:1,1
DA:4,1
DA:6,1
DA:10,0
DA:12,0
DA:15,0
DA:16,0
LF:7
LH:3
BRF:0
BRH:0
end_of_record
TN:
SF:src/shared/services/redis/redis.connection.ts
FN:8,(anonymous_7)
FN:11,(anonymous_8)
FNF:2
FNH:0
FNDA:0,(anonymous_7)
FNDA:0,(anonymous_8)
DA:2,0
DA:3,0
DA:5,0
DA:9,0
DA:12,0
DA:13,0
DA:14,0
DA:15,0
DA:17,0
DA:21,0
LF:10
LH:0
BRF:0
BRH:0
end_of_record
TN:
SF:src/shared/services/redis/user.cache.ts
FN:11,(anonymous_7)
FN:14,(anonymous_8)
FN:78,(anonymous_10)
FNF:3
FNH:0
FNDA:0,(anonymous_7)
FNDA:0,(anonymous_8)
FNDA:0,(anonymous_10)
DA:1,1
DA:2,1
DA:4,1
DA:6,1
DA:8,1
DA:10,1
DA:12,0
DA:15,0
DA:36,0
DA:37,0
DA:47,0
DA:56,0
DA:64,0
DA:65,0
DA:66,0
DA:67,0
DA:69,0
DA:70,0
DA:71,0
DA:74,0
DA:75,0
DA:79,0
DA:80,0
DA:81,0
DA:83,0
DA:84,0
DA:85,0
DA:86,0
DA:87,0
DA:88,0
DA:89,0
DA:90,0
DA:91,0
DA:92,0
DA:93,0
DA:94,0
DA:95,0
DA:96,0
DA:97,0
DA:98,0
DA:100,0
DA:102,0
DA:103,0
LF:43
LH:6
BRDA:66,0,0,0
BRDA:80,1,0,0
BRF:2
BRH:0
end_of_record
TN:
SF:src/shared/workers/auth.worker.ts
FN:10,(anonymous_7)
FNF:1
FNH:0
FNDA:0,(anonymous_7)
DA:1,1
DA:2,1
DA:7,1
DA:11,0
DA:12,0
DA:14,0
DA:15,0
DA:16,0
DA:18,0
DA:19,0
DA:24,1
LF:11
LH:4
BRF:0
BRH:0
end_of_record
TN:
SF:src/shared/workers/email.woker.ts
FN:10,(anonymous_7)
FNF:1
FNH:0
FNDA:0,(anonymous_7)
DA:1,0
DA:2,0
DA:7,0
DA:11,0
DA:12,0
DA:13,0
DA:14,0
DA:15,0
DA:16,0
DA:18,0
DA:19,0
DA:25,0
LF:12
LH:0
BRF:0
BRH:0
end_of_record
TN:
SF:src/shared/workers/user.worker.ts
FN:10,(anonymous_7)
FNF:1
FNH:0
FNDA:0,(anonymous_7)
DA:1,1
DA:2,1
DA:7,1
DA:11,0
DA:12,0
DA:13,0
DA:14,0
DA:15,0
DA:17,0
DA:18,0
DA:24,1
LF:11
LH:4
BRF:0
BRH:0
end_of_record
